Determining if the pthread_create exist failed with the following output:
Change Dir: /home/dennis/repositories/vs/Verteilte_Systeme_Praktikum_SoSe17/verteile_system_praktikum_cmake/CMakeFiles/CMakeTmp

Run Build Command:"/usr/bin/make" "cmTC_a4f8d/fast"
/usr/bin/make -f CMakeFiles/cmTC_a4f8d.dir/build.make CMakeFiles/cmTC_a4f8d.dir/build
make[1]: Verzeichnis „/home/dennis/repositories/vs/Verteilte_Systeme_Praktikum_SoSe17/verteile_system_praktikum_cmake/CMakeFiles/CMakeTmp“ wird betreten
Building C object CMakeFiles/cmTC_a4f8d.dir/CheckSymbolExists.c.o
/usr/bin/cc    -o CMakeFiles/cmTC_a4f8d.dir/CheckSymbolExists.c.o   -c /home/dennis/repositories/vs/Verteilte_Systeme_Praktikum_SoSe17/verteile_system_praktikum_cmake/CMakeFiles/CMakeTmp/CheckSymbolExists.c
Linking C executable cmTC_a4f8d
/usr/bin/cmake -E cmake_link_script CMakeFiles/cmTC_a4f8d.dir/link.txt --verbose=1
/usr/bin/cc      -rdynamic CMakeFiles/cmTC_a4f8d.dir/CheckSymbolExists.c.o  -o cmTC_a4f8d 
CMakeFiles/cmTC_a4f8d.dir/CheckSymbolExists.c.o: In function `main':
CheckSymbolExists.c:(.text+0x16): undefined reference to `pthread_create'
collect2: Fehler: ld gab 1 als Ende-Status zurück
make[1]: *** [CMakeFiles/cmTC_a4f8d.dir/build.make:98: cmTC_a4f8d] Fehler 1
make[1]: Verzeichnis „/home/dennis/repositories/vs/Verteilte_Systeme_Praktikum_SoSe17/verteile_system_praktikum_cmake/CMakeFiles/CMakeTmp“ wird verlassen
make: *** [Makefile:126: cmTC_a4f8d/fast] Fehler 2

File /home/dennis/repositories/vs/Verteilte_Systeme_Praktikum_SoSe17/verteile_system_praktikum_cmake/CMakeFiles/CMakeTmp/CheckSymbolExists.c:
/* */
#include <pthread.h>

int main(int argc, char** argv)
{
  (void)argv;
#ifndef pthread_create
  return ((int*)(&pthread_create))[argc];
#else
  (void)argc;
  return 0;
#endif
}

Determining if the function pthread_create exists in the pthreads failed with the following output:
Change Dir: /home/dennis/repositories/vs/Verteilte_Systeme_Praktikum_SoSe17/verteile_system_praktikum_cmake/CMakeFiles/CMakeTmp

Run Build Command:"/usr/bin/make" "cmTC_a0d0a/fast"
/usr/bin/make -f CMakeFiles/cmTC_a0d0a.dir/build.make CMakeFiles/cmTC_a0d0a.dir/build
make[1]: Verzeichnis „/home/dennis/repositories/vs/Verteilte_Systeme_Praktikum_SoSe17/verteile_system_praktikum_cmake/CMakeFiles/CMakeTmp“ wird betreten
Building C object CMakeFiles/cmTC_a0d0a.dir/CheckFunctionExists.c.o
/usr/bin/cc   -DCHECK_FUNCTION_EXISTS=pthread_create   -o CMakeFiles/cmTC_a0d0a.dir/CheckFunctionExists.c.o   -c /usr/share/cmake-3.8/Modules/CheckFunctionExists.c
Linking C executable cmTC_a0d0a
/usr/bin/cmake -E cmake_link_script CMakeFiles/cmTC_a0d0a.dir/link.txt --verbose=1
/usr/bin/cc  -DCHECK_FUNCTION_EXISTS=pthread_create    -rdynamic CMakeFiles/cmTC_a0d0a.dir/CheckFunctionExists.c.o  -o cmTC_a0d0a -lpthreads 
/usr/bin/ld: cannot find -lpthreads
collect2: Fehler: ld gab 1 als Ende-Status zurück
make[1]: *** [CMakeFiles/cmTC_a0d0a.dir/build.make:98: cmTC_a0d0a] Fehler 1
make[1]: Verzeichnis „/home/dennis/repositories/vs/Verteilte_Systeme_Praktikum_SoSe17/verteile_system_praktikum_cmake/CMakeFiles/CMakeTmp“ wird verlassen
make: *** [Makefile:126: cmTC_a0d0a/fast] Fehler 2


